2025-09-29 22:08:05,749 [INFO] Загрузка входного Excel: /home/codefather/Documents/ai_project_template/ai_project_template/excel_to_csv/data_in/shopify_orders_20250929_220624_864969.xlsx
2025-09-29 22:08:07,867 [INFO] Загружено строк: 10000, столбцов: 28
2025-09-29 22:08:07,870 [INFO] После фильтрации fulfilled: 2525 строк
2025-09-29 22:08:07,875 [INFO] Стран после агрегации: 243
2025-09-29 22:08:07,876 [INFO] CSV сохранён: /home/codefather/Documents/ai_project_template/ai_project_template/excel_to_csv/data_out/shopify_orders_20250929_220624_864969.csv
2025-09-29 22:08:08,027 [INFO] HTML диаграмма сохранена: /home/codefather/Documents/ai_project_template/ai_project_template/excel_to_csv/data_out/shopify_orders_20250929_220624_864969.html
2025-09-29 22:08:08,027 [INFO] Готово! ✅
2025-09-29 22:08:08,423 [INFO] Загрузка входного Excel: /home/codefather/Documents/ai_project_template/ai_project_template/excel_to_csv/data_in/shopify_orders_20250929_220631_974834.xlsx
2025-09-29 22:08:10,525 [INFO] Загружено строк: 10000, столбцов: 28
2025-09-29 22:08:10,527 [INFO] После фильтрации fulfilled: 2510 строк
2025-09-29 22:08:10,532 [INFO] Стран после агрегации: 243
2025-09-29 22:08:10,533 [INFO] CSV сохранён: /home/codefather/Documents/ai_project_template/ai_project_template/excel_to_csv/data_out/shopify_orders_20250929_220631_974834.csv
2025-09-29 22:08:10,675 [INFO] HTML диаграмма сохранена: /home/codefather/Documents/ai_project_template/ai_project_template/excel_to_csv/data_out/shopify_orders_20250929_220631_974834.html
2025-09-29 22:08:10,675 [INFO] Готово! ✅
2025-09-29 22:08:11,032 [INFO] Загрузка входного Excel: /home/codefather/Documents/ai_project_template/ai_project_template/excel_to_csv/data_in/shopify_orders_20250929_220638_009044.xlsx
2025-09-29 22:08:13,160 [INFO] Загружено строк: 10000, столбцов: 28
2025-09-29 22:08:13,163 [INFO] После фильтрации fulfilled: 2482 строк
2025-09-29 22:08:13,168 [INFO] Стран после агрегации: 240
2025-09-29 22:08:13,169 [INFO] CSV сохранён: /home/codefather/Documents/ai_project_template/ai_project_template/excel_to_csv/data_out/shopify_orders_20250929_220638_009044.csv
2025-09-29 22:08:13,333 [INFO] HTML диаграмма сохранена: /home/codefather/Documents/ai_project_template/ai_project_template/excel_to_csv/data_out/shopify_orders_20250929_220638_009044.html
2025-09-29 22:08:13,334 [INFO] Готово! ✅
